# JRE version: Java(TM) SE Runtime Environment (8.0_60-b27) (build 1.8.0_60-b27)
# Java VM: Java HotSpot(TM) 64-Bit Server VM (25.60-b23 mixed mode windows-amd64 compressed oops)
Heap:
 PSYoungGen      total 200192K, used 29691K [0x00000000eab00000, 0x00000000f8300000, 0x0000000100000000)
  eden space 181248K, 16% used [0x00000000eab00000,0x00000000ec7fec88,0x00000000f5c00000)
  from space 18944K, 0% used [0x00000000f7080000,0x00000000f7080000,0x00000000f8300000)
  to   space 19968K, 0% used [0x00000000f5c00000,0x00000000f5c00000,0x00000000f6f80000)
 ParOldGen       total 200704K, used 32554K [0x00000000c0000000, 0x00000000cc400000, 0x00000000eab00000)
  object space 200704K, 16% used [0x00000000c0000000,0x00000000c1fca990,0x00000000cc400000)
 Metaspace       used 61809K, capacity 66012K, committed 70824K, reserved 1110016K
  class space    used 7728K, capacity 9043K, committed 10408K, reserved 1048576K
GC Heap History (10 events):
Event: 19009.038 GC heap before
{Heap before GC invocations=69 (full 23):
 PSYoungGen      total 202752K, used 1623K [0x00000000eab00000, 0x00000000f8700000, 0x0000000100000000)
  eden space 181248K, 0% used [0x00000000eab00000,0x00000000eab00000,0x00000000f5c00000)
  from space 21504K, 7% used [0x00000000f7200000,0x00000000f7395e40,0x00000000f8700000)
  to   space 22016K, 0% used [0x00000000f5c00000,0x00000000f5c00000,0x00000000f7180000)
 ParOldGen       total 200704K, used 46300K [0x00000000c0000000, 0x00000000cc400000, 0x00000000eab00000)
  object space 200704K, 23% used [0x00000000c0000000,0x00000000c2d37378,0x00000000cc400000)
 Metaspace       used 63616K, capacity 70164K, committed 70440K, reserved 1110016K
  class space    used 8308K, capacity 10152K, committed 10280K, reserved 1048576K
Event: 19009.166 GC heap after
Heap after GC invocations=69 (full 23):
 PSYoungGen      total 202752K, used 0K [0x00000000eab00000, 0x00000000f8700000, 0x0000000100000000)
  eden space 181248K, 0% used [0x00000000eab00000,0x00000000eab00000,0x00000000f5c00000)
  from space 21504K, 0% used [0x00000000f7200000,0x00000000f7200000,0x00000000f8700000)
  to   space 22016K, 0% used [0x00000000f5c00000,0x00000000f5c00000,0x00000000f7180000)
 ParOldGen       total 200704K, used 46631K [0x00000000c0000000, 0x00000000cc400000, 0x00000000eab00000)
  object space 200704K, 23% used [0x00000000c0000000,0x00000000c2d89ef8,0x00000000cc400000)
 Metaspace       used 63616K, capacity 70164K, committed 70440K, reserved 1110016K
  class space    used 8308K, capacity 10152K, committed 10280K, reserved 1048576K
}
Event: 19179.275 GC heap before
{Heap before GC invocations=70 (full 23):
 PSYoungGen      total 202752K, used 145176K [0x00000000eab00000, 0x00000000f8700000, 0x0000000100000000)
  eden space 181248K, 80% used [0x00000000eab00000,0x00000000f38c6078,0x00000000f5c00000)
  from space 21504K, 0% used [0x00000000f7200000,0x00000000f7200000,0x00000000f8700000)
  to   space 22016K, 0% used [0x00000000f5c00000,0x00000000f5c00000,0x00000000f7180000)
 ParOldGen       total 200704K, used 46631K [0x00000000c0000000, 0x00000000cc400000, 0x00000000eab00000)
  object space 200704K, 23% used [0x00000000c0000000,0x00000000c2d89ef8,0x00000000cc400000)
 Metaspace       used 63725K, capacity 70350K, committed 70824K, reserved 1110016K
  class space    used 8318K, capacity 10189K, committed 10408K, reserved 1048576K
Event: 19179.279 GC heap after
Heap after GC invocations=70 (full 23):
 PSYoungGen      total 183296K, used 1815K [0x00000000eab00000, 0x00000000f8500000, 0x0000000100000000)
  eden space 181248K, 0% used [0x00000000eab00000,0x00000000eab00000,0x00000000f5c00000)
  from space 2048K, 88% used [0x00000000f5c00000,0x00000000f5dc5e40,0x00000000f5e00000)
  to   space 20992K, 0% used [0x00000000f7080000,0x00000000f7080000,0x00000000f8500000)
 ParOldGen       total 200704K, used 46639K [0x00000000c0000000, 0x00000000cc400000, 0x00000000eab00000)
  object space 200704K, 23% used [0x00000000c0000000,0x00000000c2d8bef8,0x00000000cc400000)
 Metaspace       used 63725K, capacity 70350K, committed 70824K, reserved 1110016K
  class space    used 8318K, capacity 10189K, committed 10408K, reserved 1048576K
}
Event: 19179.279 GC heap before
{Heap before GC invocations=71 (full 24):
 PSYoungGen      total 183296K, used 1815K [0x00000000eab00000, 0x00000000f8500000, 0x0000000100000000)
  eden space 181248K, 0% used [0x00000000eab00000,0x00000000eab00000,0x00000000f5c00000)
  from space 2048K, 88% used [0x00000000f5c00000,0x00000000f5dc5e40,0x00000000f5e00000)
  to   space 20992K, 0% used [0x00000000f7080000,0x00000000f7080000,0x00000000f8500000)
 ParOldGen       total 200704K, used 46639K [0x00000000c0000000, 0x00000000cc400000, 0x00000000eab00000)
  object space 200704K, 23% used [0x00000000c0000000,0x00000000c2d8bef8,0x00000000cc400000)
 Metaspace       used 63725K, capacity 70350K, committed 70824K, reserved 1110016K
  class space    used 8318K, capacity 10189K, committed 10408K, reserved 1048576K
Event: 19179.426 GC heap after
Heap after GC invocations=71 (full 24):
 PSYoungGen      total 183296K, used 0K [0x00000000eab00000, 0x00000000f8500000, 0x0000000100000000)
  eden space 181248K, 0% used [0x00000000eab00000,0x00000000eab00000,0x00000000f5c00000)
  from space 2048K, 0% used [0x00000000f5c00000,0x00000000f5c00000,0x00000000f5e00000)
  to   space 20992K, 0% used [0x00000000f7080000,0x00000000f7080000,0x00000000f8500000)
 ParOldGen       total 200704K, used 47074K [0x00000000c0000000, 0x00000000cc400000, 0x00000000eab00000)
  object space 200704K, 23% used [0x00000000c0000000,0x00000000c2df8b08,0x00000000cc400000)
 Metaspace       used 63725K, capacity 70350K, committed 70824K, reserved 1110016K
  class space    used 8318K, capacity 10189K, committed 10408K, reserved 1048576K
}
Event: 20519.251 GC heap before
{Heap before GC invocations=72 (full 24):
 PSYoungGen      total 183296K, used 136847K [0x00000000eab00000, 0x00000000f8500000, 0x0000000100000000)
  eden space 181248K, 75% used [0x00000000eab00000,0x00000000f30a3d28,0x00000000f5c00000)
  from space 2048K, 0% used [0x00000000f5c00000,0x00000000f5c00000,0x00000000f5e00000)
  to   space 20992K, 0% used [0x00000000f7080000,0x00000000f7080000,0x00000000f8500000)
 ParOldGen       total 200704K, used 47074K [0x00000000c0000000, 0x00000000cc400000, 0x00000000eab00000)
  object space 200704K, 23% used [0x00000000c0000000,0x00000000c2df8b08,0x00000000cc400000)
 Metaspace       used 63812K, capacity 70546K, committed 70824K, reserved 1110016K
  class space    used 8328K, capacity 10226K, committed 10408K, reserved 1048576K
Event: 20519.255 GC heap after
Heap after GC invocations=72 (full 24):
 PSYoungGen      total 200192K, used 1591K [0x00000000eab00000, 0x00000000f8300000, 0x0000000100000000)
  eden space 181248K, 0% used [0x00000000eab00000,0x00000000eab00000,0x00000000f5c00000)
  from space 18944K, 8% used [0x00000000f7080000,0x00000000f720de40,0x00000000f8300000)
  to   space 19968K, 0% used [0x00000000f5c00000,0x00000000f5c00000,0x00000000f6f80000)
 ParOldGen       total 200704K, used 47082K [0x00000000c0000000, 0x00000000cc400000, 0x00000000eab00000)
  object space 200704K, 23% used [0x00000000c0000000,0x00000000c2dfab08,0x00000000cc400000)
 Metaspace       used 63812K, capacity 70546K, committed 70824K, reserved 1110016K
  class space    used 8328K, capacity 10226K, committed 10408K, reserved 1048576K
}
Event: 20519.255 GC heap before
{Heap before GC invocations=73 (full 25):
 PSYoungGen      total 200192K, used 1591K [0x00000000eab00000, 0x00000000f8300000, 0x0000000100000000)
  eden space 181248K, 0% used [0x00000000eab00000,0x00000000eab00000,0x00000000f5c00000)
  from space 18944K, 8% used [0x00000000f7080000,0x00000000f720de40,0x00000000f8300000)
  to   space 19968K, 0% used [0x00000000f5c00000,0x00000000f5c00000,0x00000000f6f80000)
 ParOldGen       total 200704K, used 47082K [0x00000000c0000000, 0x00000000cc400000, 0x00000000eab00000)
  object space 200704K, 23% used [0x00000000c0000000,0x00000000c2dfab08,0x00000000cc400000)
 Metaspace       used 63812K, capacity 70546K, committed 70824K, reserved 1110016K
  class space    used 8328K, capacity 10226K, committed 10408K, reserved 1048576K
Event: 20519.376 GC heap after
Heap after GC invocations=73 (full 25):
 PSYoungGen      total 200192K, used 0K [0x00000000eab00000, 0x00000000f8300000, 0x0000000100000000)
  eden space 181248K, 0% used [0x00000000eab00000,0x00000000eab00000,0x00000000f5c00000)
  from space 18944K, 0% used [0x00000000f7080000,0x00000000f7080000,0x00000000f8300000)
  to   space 19968K, 0% used [0x00000000f5c00000,0x00000000f5c00000,0x00000000f6f80000)
 ParOldGen       total 200704K, used 32554K [0x00000000c0000000, 0x00000000cc400000, 0x00000000eab00000)
  object space 200704K, 16% used [0x00000000c0000000,0x00000000c1fca990,0x00000000cc400000)
 Metaspace       used 61622K, capacity 65640K, committed 70824K, reserved 1110016K
  class space    used 7699K, capacity 8966K, committed 10408K, reserved 1048576K
}

